<?xml version="1.0" encoding="UTF-8"?>
<coverage generated="1575935298150" clover="3.2.0">
  <project timestamp="1575935298150" name="All files">
    <metrics statements="27" coveredstatements="26" conditionals="17" coveredconditionals="14" methods="4" coveredmethods="4" elements="48" coveredelements="44" complexity="0" loc="27" ncloc="27" packages="2" files="3" classes="3"/>
    <package name="lib">
      <metrics statements="17" coveredstatements="16" conditionals="12" coveredconditionals="11" methods="2" coveredmethods="2"/>
      <file name="app.js" path="/Users/Tess/alchemy/career-track/week-02/HTTP-with-net-lab/lib/app.js">
        <metrics statements="17" coveredstatements="16" conditionals="12" coveredconditionals="11" methods="2" coveredmethods="2"/>
        <line num="1" count="1" type="stmt"/>
        <line num="2" count="1" type="stmt"/>
        <line num="3" count="1" type="stmt"/>
        <line num="5" count="1" type="stmt"/>
        <line num="6" count="4" type="stmt"/>
        <line num="7" count="4" type="stmt"/>
        <line num="9" count="4" type="cond" truecount="4" falsecount="0"/>
        <line num="10" count="1" type="stmt"/>
        <line num="11" count="1" type="stmt"/>
        <line num="13" count="3" type="cond" truecount="4" falsecount="0"/>
        <line num="14" count="1" type="stmt"/>
        <line num="15" count="1" type="stmt"/>
        <line num="17" count="2" type="cond" truecount="3" falsecount="1"/>
        <line num="18" count="2" type="stmt"/>
        <line num="19" count="2" type="stmt"/>
        <line num="22" count="0" type="stmt"/>
        <line num="29" count="1" type="stmt"/>
      </file>
    </package>
    <package name="lib.utils">
      <metrics statements="10" coveredstatements="10" conditionals="5" coveredconditionals="3" methods="2" coveredmethods="2"/>
      <file name="createResponse.js" path="/Users/Tess/alchemy/career-track/week-02/HTTP-with-net-lab/lib/utils/createResponse.js">
        <metrics statements="2" coveredstatements="2" conditionals="3" coveredconditionals="1" methods="1" coveredmethods="1"/>
        <line num="1" count="2" type="cond" truecount="1" falsecount="2"/>
        <line num="2" count="5" type="stmt"/>
      </file>
      <file name="parseRequest.js" path="/Users/Tess/alchemy/career-track/week-02/HTTP-with-net-lab/lib/utils/parseRequest.js">
        <metrics statements="8" coveredstatements="8" conditionals="2" coveredconditionals="2" methods="1" coveredmethods="1"/>
        <line num="1" count="2" type="stmt"/>
        <line num="2" count="6" type="stmt"/>
        <line num="3" count="6" type="stmt"/>
        <line num="7" count="6" type="cond" truecount="2" falsecount="0"/>
        <line num="8" count="5" type="stmt"/>
        <line num="10" count="1" type="stmt"/>
        <line num="11" count="1" type="stmt"/>
        <line num="12" count="1" type="stmt"/>
      </file>
    </package>
  </project>
</coverage>
