{"/Users/Tess/alchemy/career-track/week-02/HTTP-with-net-lab/lib/app.js": {"path":"/Users/Tess/alchemy/career-track/week-02/HTTP-with-net-lab/lib/app.js","statementMap":{"0":{"start":{"line":1,"column":12},"end":{"line":1,"column":26}},"1":{"start":{"line":2,"column":21},"end":{"line":2,"column":52}},"2":{"start":{"line":3,"column":23},"end":{"line":3,"column":56}},"3":{"start":{"line":5,"column":12},"end":{"line":26,"column":2}},"4":{"start":{"line":6,"column":2},"end":{"line":25,"column":5}},"5":{"start":{"line":7,"column":20},"end":{"line":7,"column":49}},"6":{"start":{"line":10,"column":4},"end":{"line":22,"column":5}},"7":{"start":{"line":11,"column":23},"end":{"line":11,"column":98}},"8":{"start":{"line":12,"column":6},"end":{"line":12,"column":27}},"9":{"start":{"line":13,"column":11},"end":{"line":22,"column":5}},"10":{"start":{"line":14,"column":23},"end":{"line":14,"column":106}},"11":{"start":{"line":15,"column":6},"end":{"line":15,"column":27}},"12":{"start":{"line":21,"column":6},"end":{"line":21,"column":108}},"13":{"start":{"line":28,"column":0},"end":{"line":28,"column":21}}},"fnMap":{"0":{"name":"(anonymous_0)","decl":{"start":{"line":5,"column":29},"end":{"line":5,"column":30}},"loc":{"start":{"line":5,"column":39},"end":{"line":26,"column":1}},"line":5},"1":{"name":"(anonymous_1)","decl":{"start":{"line":6,"column":20},"end":{"line":6,"column":21}},"loc":{"start":{"line":6,"column":28},"end":{"line":25,"column":3}},"line":6}},"branchMap":{"0":{"loc":{"start":{"line":10,"column":4},"end":{"line":22,"column":5}},"type":"if","locations":[{"start":{"line":10,"column":4},"end":{"line":22,"column":5}},{"start":{"line":10,"column":4},"end":{"line":22,"column":5}}],"line":10},"1":{"loc":{"start":{"line":10,"column":7},"end":{"line":10,"column":55}},"type":"binary-expr","locations":[{"start":{"line":10,"column":7},"end":{"line":10,"column":31}},{"start":{"line":10,"column":35},"end":{"line":10,"column":55}}],"line":10},"2":{"loc":{"start":{"line":13,"column":11},"end":{"line":22,"column":5}},"type":"if","locations":[{"start":{"line":13,"column":11},"end":{"line":22,"column":5}},{"start":{"line":13,"column":11},"end":{"line":22,"column":5}}],"line":13},"3":{"loc":{"start":{"line":13,"column":14},"end":{"line":13,"column":67}},"type":"binary-expr","locations":[{"start":{"line":13,"column":14},"end":{"line":13,"column":39}},{"start":{"line":13,"column":43},"end":{"line":13,"column":67}}],"line":13}},"s":{"0":1,"1":1,"2":1,"3":1,"4":2,"5":2,"6":2,"7":1,"8":1,"9":1,"10":1,"11":1,"12":0,"13":1},"f":{"0":2,"1":2},"b":{"0":[1,1],"1":[2,1],"2":[1,0],"3":[1,1]},"_coverageSchema":"43e27e138ebf9cfc5966b082cf9a028302ed4184","hash":"8189b2fee1499b7fddd9f1123651442ca2bb705b"}
,"/Users/Tess/alchemy/career-track/week-02/HTTP-with-net-lab/lib/utils/createResponse.js": {"path":"/Users/Tess/alchemy/career-track/week-02/HTTP-with-net-lab/lib/utils/createResponse.js","statementMap":{"0":{"start":{"line":1,"column":0},"end":{"line":8,"column":2}},"1":{"start":{"line":2,"column":2},"end":{"line":7,"column":9}}},"fnMap":{"0":{"name":"(anonymous_0)","decl":{"start":{"line":1,"column":17},"end":{"line":1,"column":18}},"loc":{"start":{"line":1,"column":82},"end":{"line":8,"column":1}},"line":1}},"branchMap":{"0":{"loc":{"start":{"line":1,"column":20},"end":{"line":1,"column":29}},"type":"default-arg","locations":[{"start":{"line":1,"column":27},"end":{"line":1,"column":29}}],"line":1},"1":{"loc":{"start":{"line":1,"column":31},"end":{"line":1,"column":56}},"type":"default-arg","locations":[{"start":{"line":1,"column":45},"end":{"line":1,"column":56}}],"line":1},"2":{"loc":{"start":{"line":1,"column":58},"end":{"line":1,"column":75}},"type":"default-arg","locations":[{"start":{"line":1,"column":67},"end":{"line":1,"column":75}}],"line":1}},"s":{"0":2,"1":3},"f":{"0":3},"b":{"0":[1],"1":[0],"2":[0]},"_coverageSchema":"43e27e138ebf9cfc5966b082cf9a028302ed4184","hash":"5e39fa9b68549fa66128474962666f11fe0fa993"}
,"/Users/Tess/alchemy/career-track/week-02/HTTP-with-net-lab/lib/utils/parseRequest.js": {"path":"/Users/Tess/alchemy/career-track/week-02/HTTP-with-net-lab/lib/utils/parseRequest.js","statementMap":{"0":{"start":{"line":1,"column":0},"end":{"line":14,"column":2}},"1":{"start":{"line":2,"column":20},"end":{"line":2,"column":41}},"2":{"start":{"line":3,"column":22},"end":{"line":6,"column":3}},"3":{"start":{"line":7,"column":2},"end":{"line":13,"column":3}},"4":{"start":{"line":8,"column":4},"end":{"line":8,"column":23}},"5":{"start":{"line":10,"column":4},"end":{"line":10,"column":66}},"6":{"start":{"line":11,"column":4},"end":{"line":11,"column":59}},"7":{"start":{"line":12,"column":4},"end":{"line":12,"column":23}}},"fnMap":{"0":{"name":"(anonymous_0)","decl":{"start":{"line":1,"column":17},"end":{"line":1,"column":18}},"loc":{"start":{"line":1,"column":31},"end":{"line":14,"column":1}},"line":1}},"branchMap":{"0":{"loc":{"start":{"line":7,"column":2},"end":{"line":13,"column":3}},"type":"if","locations":[{"start":{"line":7,"column":2},"end":{"line":13,"column":3}},{"start":{"line":7,"column":2},"end":{"line":13,"column":3}}],"line":7}},"s":{"0":2,"1":4,"2":4,"3":4,"4":3,"5":1,"6":1,"7":1},"f":{"0":4},"b":{"0":[3,1]},"_coverageSchema":"43e27e138ebf9cfc5966b082cf9a028302ed4184","hash":"4089523c6fb422c07b3dd4a38b70e83e5aadcadd"}
}
