TN:
SF:/Users/Tess/alchemy/career-track/week-02/HTTP-with-net-lab/lib/app.js
FN:5,(anonymous_0)
FN:6,(anonymous_1)
FNF:2
FNH:2
FNDA:5,(anonymous_0)
FNDA:5,(anonymous_1)
DA:1,1
DA:2,1
DA:3,1
DA:5,1
DA:6,5
DA:7,5
DA:9,5
DA:10,1
DA:11,1
DA:13,4
DA:14,1
DA:15,1
DA:17,3
DA:18,1
DA:19,1
DA:21,2
DA:22,1
DA:23,1
DA:25,1
DA:26,1
DA:27,1
DA:30,0
DA:37,1
LF:23
LH:22
BRDA:9,0,0,1
BRDA:9,0,1,4
BRDA:9,1,0,5
BRDA:9,1,1,4
BRDA:13,2,0,1
BRDA:13,2,1,3
BRDA:13,3,0,4
BRDA:13,3,1,1
BRDA:17,4,0,1
BRDA:17,4,1,2
BRDA:17,5,0,3
BRDA:17,5,1,3
BRDA:21,6,0,1
BRDA:21,6,1,1
BRDA:21,7,0,2
BRDA:21,7,1,2
BRDA:25,8,0,1
BRDA:25,8,1,0
BRDA:25,9,0,1
BRDA:25,9,1,1
BRF:20
BRH:19
end_of_record
TN:
SF:/Users/Tess/alchemy/career-track/week-02/HTTP-with-net-lab/lib/utils/createResponse.js
FN:1,(anonymous_0)
FNF:1
FNH:1
FNDA:6,(anonymous_0)
DA:1,2
DA:2,6
LF:2
LH:2
BRDA:1,0,0,1
BRDA:1,1,0,0
BRDA:1,2,0,0
BRF:3
BRH:1
end_of_record
TN:
SF:/Users/Tess/alchemy/career-track/week-02/HTTP-with-net-lab/lib/utils/parseRequest.js
FN:1,(anonymous_0)
FNF:1
FNH:1
FNDA:7,(anonymous_0)
DA:1,2
DA:2,7
DA:3,7
DA:7,7
DA:8,6
DA:10,1
DA:11,1
DA:12,1
LF:8
LH:8
BRDA:7,0,0,6
BRDA:7,0,1,1
BRF:2
BRH:2
end_of_record
