TN:
SF:/Users/Tess/alchemy/career-track/week-02/HTTP-with-net-lab/lib/app.js
FN:5,(anonymous_0)
FN:6,(anonymous_1)
FNF:2
FNH:2
FNDA:2,(anonymous_0)
FNDA:2,(anonymous_1)
DA:1,1
DA:2,1
DA:3,1
DA:5,1
DA:6,2
DA:7,2
DA:10,2
DA:11,1
DA:12,1
DA:13,1
DA:14,1
DA:15,1
DA:21,0
DA:28,1
LF:14
LH:13
BRDA:10,0,0,1
BRDA:10,0,1,1
BRDA:10,1,0,2
BRDA:10,1,1,1
BRDA:13,2,0,1
BRDA:13,2,1,0
BRDA:13,3,0,1
BRDA:13,3,1,1
BRF:8
BRH:7
end_of_record
TN:
SF:/Users/Tess/alchemy/career-track/week-02/HTTP-with-net-lab/lib/utils/createResponse.js
FN:1,(anonymous_0)
FNF:1
FNH:1
FNDA:3,(anonymous_0)
DA:1,2
DA:2,3
LF:2
LH:2
BRDA:1,0,0,1
BRDA:1,1,0,0
BRDA:1,2,0,0
BRF:3
BRH:1
end_of_record
TN:
SF:/Users/Tess/alchemy/career-track/week-02/HTTP-with-net-lab/lib/utils/parseRequest.js
FN:1,(anonymous_0)
FNF:1
FNH:1
FNDA:4,(anonymous_0)
DA:1,2
DA:2,4
DA:3,4
DA:7,4
DA:8,3
DA:10,1
DA:11,1
DA:12,1
LF:8
LH:8
BRDA:7,0,0,3
BRDA:7,0,1,1
BRF:2
BRH:2
end_of_record
